<?xml version="1.0" encoding="UTF-8"?>
<!-- Generated by org.testng.reporters.JUnitReportReporter -->
<testsuite hostname="LAPTOP-96M16F4A" failures="0" tests="1" name="testCases.TC001_LoginTest" time="17.289" errors="0" timestamp="2025-05-23T16:16:03 WIB" skipped="0">
  <testcase classname="testCases.TC001_LoginTest" name="testLogin" time="17.289"/>
</testsuite> <!-- testCases.TC001_LoginTest -->
