<?xml version="1.0" encoding="UTF-8"?>
<!-- Generated by org.testng.reporters.JUnitReportReporter -->
<testsuite hostname="LAPTOP-96M16F4A" failures="0" tests="1" name="TaskTest" time="29.441" errors="0" timestamp="2025-05-19T23:16:57 WIB" skipped="0">
  <testcase classname="TaskTest" name="testTaskOpenWay" time="29.441"/>
</testsuite> <!-- TaskTest -->
