<?xml version="1.0" encoding="UTF-8"?>
<!-- Generated by org.testng.reporters.JUnitReportReporter -->
<testsuite hostname="LAPTOP-96M16F4A" failures="0" tests="1" name="testCases.TC007_EmptyCartTest" time="20.870" errors="0" timestamp="2025-05-23T16:16:03 WIB" skipped="0">
  <testcase classname="testCases.TC007_EmptyCartTest" name="testEmptyCart" time="20.870"/>
</testsuite> <!-- testCases.TC007_EmptyCartTest -->
