<?xml version="1.0" encoding="UTF-8"?>
<!-- Generated by org.testng.reporters.JUnitReportReporter -->
<testsuite hostname="LAPTOP-96M16F4A" failures="0" tests="1" name="TaskTest" time="31.325" errors="0" timestamp="2025-04-25T21:08:43 WIB" skipped="0">
  <testcase classname="TaskTest" name="testTaskOpenWay" time="31.325"/>
</testsuite> <!-- TaskTest -->
