<?xml version="1.0" encoding="UTF-8"?>
<!-- Generated by org.testng.reporters.JUnitReportReporter -->
<testsuite hostname="LAPTOP-96M16F4A" failures="0" tests="1" name="testCases.TC004_CartTotalCalculationTest" time="20.770" errors="0" timestamp="2025-05-23T16:16:03 WIB" skipped="0">
  <testcase classname="testCases.TC004_CartTotalCalculationTest" name="testCartTotalCalculation" time="20.770"/>
</testsuite> <!-- testCases.TC004_CartTotalCalculationTest -->
