<?xml version="1.0" encoding="UTF-8"?>
<!-- Generated by org.testng.reporters.JUnitReportReporter -->
<testsuite hostname="LAPTOP-96M16F4A" failures="0" tests="1" name="testCases.TC002_AddProductToCartTest" time="28.930" errors="0" timestamp="2025-05-23T15:46:20 WIB" skipped="0">
  <testcase classname="testCases.TC002_AddProductToCartTest" name="testAddProductToCart" time="28.930"/>
</testsuite> <!-- testCases.TC002_AddProductToCartTest -->
