<?xml version="1.0" encoding="UTF-8"?>
<!-- Generated by org.testng.reporters.JUnitReportReporter -->
<testsuite hostname="LAPTOP-96M16F4A" failures="0" tests="1" name="testCases.TC003_AddSearchedProductToCartTest" time="33.425" errors="0" timestamp="2025-05-23T15:46:20 WIB" skipped="0">
  <testcase classname="testCases.TC003_AddSearchedProductToCartTest" name="testAddSearchedProductToCart" time="33.425"/>
</testsuite> <!-- testCases.TC003_AddSearchedProductToCartTest -->
